<?xml version="1.0" encoding="UTF-8"?>
<!-- Generated by org.testng.reporters.JUnitXMLReporter -->
<testsuite ignored="0" hostname="DESKTOP-ADSAJKA" failures="0" tests="4" name="Default test" time="8.9" errors="0" timestamp="2024-11-24T22:11:31 PKT">
  <testcase classname="package1.APITest" name="testCreateUser" time="5.695"/>
  <testcase classname="package1.APITest" name="testDeleteUser" time="0.839"/>
  <testcase classname="package1.APITest" name="testGetUser" time="0.459"/>
  <testcase classname="package1.APITest" name="testUpdateUser" time="0.791"/>
</testsuite> <!-- Default test -->
