<?xml version="1.0" encoding="UTF-8"?>
<!-- Generated by org.testng.reporters.JUnitXMLReporter -->
<testsuite ignored="0" hostname="DESKTOP-ADSAJKA" failures="0" tests="4" name="Default test" time="7.696" errors="0" timestamp="2024-11-24T21:39:28 PKT">
  <testcase classname="package1.APITest" name="testCreateUser" time="4.592"/>
  <testcase classname="package1.APITest" name="testDeleteUser" time="0.815"/>
  <testcase classname="package1.APITest" name="testGetUser" time="0.463"/>
  <testcase classname="package1.APITest" name="testUpdateUser" time="1.033"/>
</testsuite> <!-- Default test -->
