<?xml version="1.0" encoding="UTF-8"?>
<testng-results ignored="0" total="4" passed="4" failed="0" skipped="0">
  <reporter-output>
  </reporter-output>
  <suite started-at="2024-11-24T21:39:20 PKT" name="Default suite" finished-at="2024-11-24T21:39:28 PKT" duration-ms="7696">
    <groups>
    </groups>
    <test started-at="2024-11-24T21:39:20 PKT" name="Default test" finished-at="2024-11-24T21:39:28 PKT" duration-ms="7696">
      <class name="package1.APITest">
        <test-method is-config="true" signature="setup()[pri:0, instance:package1.APITest@4dbb42b7]" started-at="2024-11-24T21:39:20 PKT" name="setup" finished-at="2024-11-24T21:39:21 PKT" duration-ms="721" status="PASS">
          <reporter-output>
          </reporter-output>
        </test-method> <!-- setup -->
        <test-method signature="testCreateUser()[pri:0, instance:package1.APITest@4dbb42b7]" started-at="2024-11-24T21:39:21 PKT" name="testCreateUser" finished-at="2024-11-24T21:39:25 PKT" duration-ms="4592" status="PASS">
          <reporter-output>
          </reporter-output>
        </test-method> <!-- testCreateUser -->
        <test-method signature="testDeleteUser()[pri:0, instance:package1.APITest@4dbb42b7]" started-at="2024-11-24T21:39:25 PKT" name="testDeleteUser" finished-at="2024-11-24T21:39:26 PKT" duration-ms="815" status="PASS">
          <reporter-output>
          </reporter-output>
        </test-method> <!-- testDeleteUser -->
        <test-method signature="testGetUser()[pri:0, instance:package1.APITest@4dbb42b7]" started-at="2024-11-24T21:39:26 PKT" name="testGetUser" finished-at="2024-11-24T21:39:27 PKT" duration-ms="463" status="PASS">
          <reporter-output>
          </reporter-output>
        </test-method> <!-- testGetUser -->
        <test-method signature="testUpdateUser()[pri:0, instance:package1.APITest@4dbb42b7]" started-at="2024-11-24T21:39:27 PKT" name="testUpdateUser" finished-at="2024-11-24T21:39:28 PKT" duration-ms="1033" status="PASS">
          <reporter-output>
          </reporter-output>
        </test-method> <!-- testUpdateUser -->
      </class> <!-- package1.APITest -->
    </test> <!-- Default test -->
  </suite> <!-- Default suite -->
</testng-results>
